<?xml version="1.0" encoding="UTF-8"?>
<testsuite name="com.jojoldu.book.springboot.web.HelloControllerTest" tests="2" skipped="0" failures="0" errors="0" timestamp="2024-04-11T08:14:43" hostname="DESKTOP-4CKM1C9" time="0.176">
  <properties/>
  <testcase name="hello가_리턴된다" classname="com.jojoldu.book.springboot.web.HelloControllerTest" time="0.08"/>
  <testcase name="helloDto가_리턴된다" classname="com.jojoldu.book.springboot.web.HelloControllerTest" time="0.095"/>
  <system-out><![CDATA[2024-04-11 17:14:42.140  INFO 20644 --- [    Test worker] .b.t.a.w.s.WebMvcTestContextBootstrapper : Neither @ContextConfiguration nor @ContextHierarchy found for test class [com.jojoldu.book.springboot.web.HelloControllerTest], using SpringBootContextLoader
2024-04-11 17:14:42.141  INFO 20644 --- [    Test worker] o.s.t.c.support.AbstractContextLoader    : Could not detect default resource locations for test class [com.jojoldu.book.springboot.web.HelloControllerTest]: no resource found for suffixes {-context.xml, Context.groovy}.
2024-04-11 17:14:42.141  INFO 20644 --- [    Test worker] t.c.s.AnnotationConfigContextLoaderUtils : Could not detect default configuration classes for test class [com.jojoldu.book.springboot.web.HelloControllerTest]: HelloControllerTest does not declare any static, non-private, non-final, nested classes annotated with @Configuration.
2024-04-11 17:14:42.164  INFO 20644 --- [    Test worker] .b.t.c.SpringBootTestContextBootstrapper : Found @SpringBootConfiguration com.jojoldu.book.springboot.Application for test class com.jojoldu.book.springboot.web.HelloControllerTest
2024-04-11 17:14:42.164  INFO 20644 --- [    Test worker] .b.t.a.w.s.WebMvcTestContextBootstrapper : Loaded default TestExecutionListener class names from location [META-INF/spring.factories]: [org.springframework.security.test.context.support.WithSecurityContextTestExecutionListener, org.springframework.security.test.context.support.ReactorContextTestExecutionListener, org.springframework.boot.test.autoconfigure.restdocs.RestDocsTestExecutionListener, org.springframework.boot.test.autoconfigure.web.client.MockRestServiceServerResetTestExecutionListener, org.springframework.boot.test.autoconfigure.web.servlet.MockMvcPrintOnlyOnFailureTestExecutionListener, org.springframework.boot.test.autoconfigure.web.servlet.WebDriverTestExecutionListener, org.springframework.boot.test.mock.mockito.MockitoTestExecutionListener, org.springframework.boot.test.mock.mockito.ResetMocksTestExecutionListener, org.springframework.test.context.web.ServletTestExecutionListener, org.springframework.test.context.support.DirtiesContextBeforeModesTestExecutionListener, org.springframework.test.context.support.DependencyInjectionTestExecutionListener, org.springframework.test.context.support.DirtiesContextTestExecutionListener, org.springframework.test.context.transaction.TransactionalTestExecutionListener, org.springframework.test.context.jdbc.SqlScriptsTestExecutionListener]
2024-04-11 17:14:42.166  INFO 20644 --- [    Test worker] .b.t.a.w.s.WebMvcTestContextBootstrapper : Using TestExecutionListeners: [org.springframework.test.context.web.ServletTestExecutionListener@756df4e3, org.springframework.test.context.support.DirtiesContextBeforeModesTestExecutionListener@689aea81, org.springframework.boot.test.mock.mockito.MockitoTestExecutionListener@58e0773d, org.springframework.boot.test.autoconfigure.SpringBootDependencyInjectionTestExecutionListener@4779c2a, org.springframework.test.context.support.DirtiesContextTestExecutionListener@1e27baab, org.springframework.test.context.transaction.TransactionalTestExecutionListener@2156850c, org.springframework.test.context.jdbc.SqlScriptsTestExecutionListener@7ad44784, org.springframework.security.test.context.support.WithSecurityContextTestExecutionListener@42fa0238, org.springframework.security.test.context.support.ReactorContextTestExecutionListener@61ab1a2e, org.springframework.boot.test.autoconfigure.restdocs.RestDocsTestExecutionListener@74409df2, org.springframework.boot.test.autoconfigure.web.client.MockRestServiceServerResetTestExecutionListener@2cf01c99, org.springframework.boot.test.autoconfigure.web.servlet.MockMvcPrintOnlyOnFailureTestExecutionListener@3e8930fd, org.springframework.boot.test.autoconfigure.web.servlet.WebDriverTestExecutionListener@74a3768, org.springframework.boot.test.mock.mockito.ResetMocksTestExecutionListener@7795957e]

  .   ____          _            __ _ _
 /\\ / ___'_ __ _ _(_)_ __  __ _ \ \ \ \
( ( )\___ | '_ | '_| | '_ \/ _` | \ \ \ \
 \\/  ___)| |_)| | | | | || (_| |  ) ) ) )
  '  |____| .__|_| |_|_| |_\__, | / / / /
 =========|_|==============|___/=/_/_/_/
 :: Spring Boot ::        (v2.1.7.RELEASE)

2024-04-11 17:14:42.202  INFO 20644 --- [    Test worker] c.j.b.s.web.HelloControllerTest          : Starting HelloControllerTest on DESKTOP-4CKM1C9 with PID 20644 (started by 곽진아 in C:\projects\portfolio\Board)
2024-04-11 17:14:42.204  INFO 20644 --- [    Test worker] c.j.b.s.web.HelloControllerTest          : No active profile set, falling back to default profiles: default
2024-04-11 17:14:42.712  INFO 20644 --- [    Test worker] o.s.s.concurrent.ThreadPoolTaskExecutor  : Initializing ExecutorService 'applicationTaskExecutor'
2024-04-11 17:14:42.742  INFO 20644 --- [    Test worker] o.s.b.a.w.s.WelcomePageHandlerMapping    : Adding welcome page template: index
2024-04-11 17:14:42.995  INFO 20644 --- [    Test worker] .s.s.UserDetailsServiceAutoConfiguration : 

Using generated security password: 8c6a8330-5d24-4953-963f-9ac60e047cb8

2024-04-11 17:14:43.164  INFO 20644 --- [    Test worker] o.s.s.web.DefaultSecurityFilterChain     : Creating filter chain: any request, [org.springframework.security.web.context.request.async.WebAsyncManagerIntegrationFilter@2f2f458c, org.springframework.security.web.context.SecurityContextPersistenceFilter@3ceebf2d, org.springframework.security.web.header.HeaderWriterFilter@21d15a69, org.springframework.security.web.csrf.CsrfFilter@4ba058b1, org.springframework.security.web.authentication.logout.LogoutFilter@7dd418c2, org.springframework.security.web.authentication.UsernamePasswordAuthenticationFilter@f434da5, org.springframework.security.web.authentication.ui.DefaultLoginPageGeneratingFilter@310ae710, org.springframework.security.web.authentication.ui.DefaultLogoutPageGeneratingFilter@17356d79, org.springframework.security.web.authentication.www.BasicAuthenticationFilter@34ed1edd, org.springframework.security.web.savedrequest.RequestCacheAwareFilter@1d803d57, org.springframework.security.web.servletapi.SecurityContextHolderAwareRequestFilter@36292e9c, org.springframework.security.web.authentication.AnonymousAuthenticationFilter@4bf292b4, org.springframework.security.web.session.SessionManagementFilter@68fdeb32, org.springframework.security.web.access.ExceptionTranslationFilter@545ea22d, org.springframework.security.web.access.intercept.FilterSecurityInterceptor@12af5a4e]
2024-04-11 17:14:43.205  INFO 20644 --- [    Test worker] o.s.b.t.m.w.SpringBootMockServletContext : Initializing Spring TestDispatcherServlet ''
2024-04-11 17:14:43.205  INFO 20644 --- [    Test worker] o.s.t.web.servlet.TestDispatcherServlet  : Initializing Servlet ''
2024-04-11 17:14:43.220  INFO 20644 --- [    Test worker] o.s.t.web.servlet.TestDispatcherServlet  : Completed initialization in 15 ms
2024-04-11 17:14:43.252  INFO 20644 --- [    Test worker] c.j.b.s.web.HelloControllerTest          : Started HelloControllerTest in 1.084 seconds (JVM running for 9.19)
]]></system-out>
  <system-err><![CDATA[]]></system-err>
</testsuite>
